{"C:\\Users\\admin\\Desktop\\testing-todo\\src\\modules\\handletodo.js": {"path":"C:\\Users\\admin\\Desktop\\testing-todo\\src\\modules\\handletodo.js","statementMap":{"0":{"start":{"line":4,"column":18},"end":{"line":4,"column":47}},"1":{"start":{"line":5,"column":14},"end":{"line":5,"column":45}},"2":{"start":{"line":6,"column":11},"end":{"line":6,"column":39}},"3":{"start":{"line":7,"column":17},"end":{"line":7,"column":49}},"4":{"start":{"line":9,"column":16},"end":{"line":9,"column":18}},"5":{"start":{"line":12,"column":22},"end":{"line":32,"column":1}},"6":{"start":{"line":13,"column":2},"end":{"line":13,"column":66}},"7":{"start":{"line":15,"column":2},"end":{"line":15,"column":44}},"8":{"start":{"line":16,"column":2},"end":{"line":16,"column":35}},"9":{"start":{"line":17,"column":2},"end":{"line":17,"column":44}},"10":{"start":{"line":18,"column":2},"end":{"line":18,"column":47}},"11":{"start":{"line":19,"column":2},"end":{"line":19,"column":38}},"12":{"start":{"line":20,"column":2},"end":{"line":20,"column":26}},"13":{"start":{"line":22,"column":2},"end":{"line":22,"column":20}},"14":{"start":{"line":23,"column":2},"end":{"line":26,"column":5}},"15":{"start":{"line":24,"column":4},"end":{"line":24,"column":35}},"16":{"start":{"line":25,"column":4},"end":{"line":25,"column":23}},"17":{"start":{"line":27,"column":2},"end":{"line":27,"column":23}},"18":{"start":{"line":29,"column":2},"end":{"line":29,"column":29}},"19":{"start":{"line":30,"column":24},"end":{"line":30,"column":55}},"20":{"start":{"line":31,"column":2},"end":{"line":31,"column":39}},"21":{"start":{"line":34,"column":28},"end":{"line":37,"column":1}},"22":{"start":{"line":35,"column":2},"end":{"line":35,"column":63}},"23":{"start":{"line":39,"column":23},"end":{"line":47,"column":1}},"24":{"start":{"line":40,"column":18},"end":{"line":40,"column":28}},"25":{"start":{"line":41,"column":2},"end":{"line":41,"column":36}},"26":{"start":{"line":42,"column":2},"end":{"line":42,"column":28}},"27":{"start":{"line":43,"column":2},"end":{"line":43,"column":43}},"28":{"start":{"line":44,"column":2},"end":{"line":44,"column":26}},"29":{"start":{"line":45,"column":2},"end":{"line":45,"column":17}},"30":{"start":{"line":46,"column":2},"end":{"line":46,"column":27}},"31":{"start":{"line":50,"column":24},"end":{"line":53,"column":1}},"32":{"start":{"line":51,"column":2},"end":{"line":51,"column":56}},"33":{"start":{"line":52,"column":2},"end":{"line":52,"column":17}},"34":{"start":{"line":55,"column":26},"end":{"line":65,"column":1}},"35":{"start":{"line":57,"column":19},"end":{"line":57,"column":37}},"36":{"start":{"line":58,"column":2},"end":{"line":58,"column":36}},"37":{"start":{"line":60,"column":19},"end":{"line":60,"column":35}},"38":{"start":{"line":61,"column":2},"end":{"line":63,"column":3}},"39":{"start":{"line":61,"column":15},"end":{"line":61,"column":16}},"40":{"start":{"line":62,"column":4},"end":{"line":62,"column":35}},"41":{"start":{"line":64,"column":2},"end":{"line":64,"column":17}}},"fnMap":{"0":{"name":"(anonymous_0)","decl":{"start":{"line":12,"column":22},"end":{"line":12,"column":23}},"loc":{"start":{"line":12,"column":28},"end":{"line":32,"column":1}},"line":12},"1":{"name":"(anonymous_1)","decl":{"start":{"line":23,"column":16},"end":{"line":23,"column":17}},"loc":{"start":{"line":23,"column":30},"end":{"line":26,"column":3}},"line":23},"2":{"name":"(anonymous_2)","decl":{"start":{"line":34,"column":28},"end":{"line":34,"column":29}},"loc":{"start":{"line":34,"column":34},"end":{"line":37,"column":1}},"line":34},"3":{"name":"(anonymous_3)","decl":{"start":{"line":39,"column":23},"end":{"line":39,"column":24}},"loc":{"start":{"line":39,"column":40},"end":{"line":47,"column":1}},"line":39},"4":{"name":"(anonymous_4)","decl":{"start":{"line":50,"column":24},"end":{"line":50,"column":25}},"loc":{"start":{"line":50,"column":55},"end":{"line":53,"column":1}},"line":50},"5":{"name":"(anonymous_5)","decl":{"start":{"line":55,"column":26},"end":{"line":55,"column":27}},"loc":{"start":{"line":55,"column":42},"end":{"line":65,"column":1}},"line":55}},"branchMap":{"0":{"loc":{"start":{"line":13,"column":14},"end":{"line":13,"column":65}},"type":"binary-expr","locations":[{"start":{"line":13,"column":14},"end":{"line":13,"column":59}},{"start":{"line":13,"column":63},"end":{"line":13,"column":65}}],"line":13}},"s":{"0":4,"1":4,"2":4,"3":4,"4":4,"5":4,"6":0,"7":0,"8":0,"9":0,"10":0,"11":0,"12":0,"13":0,"14":0,"15":0,"16":0,"17":0,"18":0,"19":0,"20":0,"21":4,"22":12,"23":4,"24":10,"25":10,"26":10,"27":10,"28":10,"29":10,"30":10,"31":4,"32":1,"33":1,"34":4,"35":1,"36":1,"37":1,"38":1,"39":1,"40":2,"41":1},"f":{"0":0,"1":0,"2":12,"3":10,"4":1,"5":1},"b":{"0":[0,0]},"_coverageSchema":"1a1c01bbd47fc00a2c39e90264f33305004495a9","hash":"801f1ed23d9cfce6c0f62adeccba7937a204b5f7"}
,"C:\\Users\\admin\\Desktop\\testing-todo\\src\\modules\\liststatus.js": {"path":"C:\\Users\\admin\\Desktop\\testing-todo\\src\\modules\\liststatus.js","statementMap":{"0":{"start":{"line":2,"column":28},"end":{"line":7,"column":1}},"1":{"start":{"line":3,"column":20},"end":{"line":3,"column":71}},"2":{"start":{"line":4,"column":2},"end":{"line":4,"column":52}},"3":{"start":{"line":5,"column":2},"end":{"line":5,"column":63}},"4":{"start":{"line":6,"column":2},"end":{"line":6,"column":27}},"5":{"start":{"line":9,"column":30},"end":{"line":18,"column":1}},"6":{"start":{"line":10,"column":20},"end":{"line":10,"column":71}},"7":{"start":{"line":11,"column":24},"end":{"line":11,"column":74}},"8":{"start":{"line":11,"column":50},"end":{"line":11,"column":73}},"9":{"start":{"line":12,"column":19},"end":{"line":12,"column":39}},"10":{"start":{"line":13,"column":2},"end":{"line":15,"column":3}},"11":{"start":{"line":13,"column":15},"end":{"line":13,"column":16}},"12":{"start":{"line":14,"column":4},"end":{"line":14,"column":39}},"13":{"start":{"line":16,"column":2},"end":{"line":16,"column":67}},"14":{"start":{"line":17,"column":2},"end":{"line":17,"column":27}}},"fnMap":{"0":{"name":"(anonymous_0)","decl":{"start":{"line":2,"column":28},"end":{"line":2,"column":29}},"loc":{"start":{"line":2,"column":57},"end":{"line":7,"column":1}},"line":2},"1":{"name":"(anonymous_1)","decl":{"start":{"line":9,"column":30},"end":{"line":9,"column":31}},"loc":{"start":{"line":9,"column":36},"end":{"line":18,"column":1}},"line":9},"2":{"name":"(anonymous_2)","decl":{"start":{"line":11,"column":41},"end":{"line":11,"column":42}},"loc":{"start":{"line":11,"column":50},"end":{"line":11,"column":73}},"line":11}},"branchMap":{"0":{"loc":{"start":{"line":3,"column":20},"end":{"line":3,"column":71}},"type":"binary-expr","locations":[{"start":{"line":3,"column":20},"end":{"line":3,"column":65}},{"start":{"line":3,"column":69},"end":{"line":3,"column":71}}],"line":3},"1":{"loc":{"start":{"line":10,"column":20},"end":{"line":10,"column":71}},"type":"binary-expr","locations":[{"start":{"line":10,"column":20},"end":{"line":10,"column":65}},{"start":{"line":10,"column":69},"end":{"line":10,"column":71}}],"line":10}},"s":{"0":1,"1":2,"2":2,"3":2,"4":2,"5":1,"6":1,"7":1,"8":3,"9":1,"10":1,"11":1,"12":1,"13":1,"14":1},"f":{"0":2,"1":1,"2":3},"b":{"0":[2,0],"1":[1,0]},"_coverageSchema":"1a1c01bbd47fc00a2c39e90264f33305004495a9","hash":"17c0178a3ba56424a1fe34f9ae8267b96c1fd53f"}
,"C:\\Users\\admin\\Desktop\\testing-todo\\src\\modules\\taskList.js": {"path":"C:\\Users\\admin\\Desktop\\testing-todo\\src\\modules\\taskList.js","statementMap":{"0":{"start":{"line":3,"column":4},"end":{"line":3,"column":35}},"1":{"start":{"line":4,"column":4},"end":{"line":4,"column":27}},"2":{"start":{"line":5,"column":4},"end":{"line":5,"column":31}}},"fnMap":{"0":{"name":"(anonymous_0)","decl":{"start":{"line":2,"column":2},"end":{"line":2,"column":3}},"loc":{"start":{"line":2,"column":49},"end":{"line":6,"column":3}},"line":2}},"branchMap":{},"s":{"0":0,"1":0,"2":0},"f":{"0":0},"b":{},"_coverageSchema":"1a1c01bbd47fc00a2c39e90264f33305004495a9","hash":"e177ab04584ae80e0fdd68588f2c236c1fb5e51b"}
,"C:\\Users\\admin\\Desktop\\testing-todo\\src\\modules\\todolist.js": {"path":"C:\\Users\\admin\\Desktop\\testing-todo\\src\\modules\\todolist.js","statementMap":{"0":{"start":{"line":2,"column":13},"end":{"line":37,"column":1}},"1":{"start":{"line":4,"column":13},"end":{"line":4,"column":41}},"2":{"start":{"line":5,"column":26},"end":{"line":5,"column":55}},"3":{"start":{"line":6,"column":19},"end":{"line":6,"column":50}},"4":{"start":{"line":7,"column":28},"end":{"line":7,"column":57}},"5":{"start":{"line":8,"column":16},"end":{"line":8,"column":47}},"6":{"start":{"line":9,"column":19},"end":{"line":9,"column":48}},"7":{"start":{"line":10,"column":2},"end":{"line":10,"column":59}},"8":{"start":{"line":13,"column":2},"end":{"line":13,"column":56}},"9":{"start":{"line":14,"column":2},"end":{"line":14,"column":43}},"10":{"start":{"line":15,"column":2},"end":{"line":15,"column":48}},"11":{"start":{"line":17,"column":2},"end":{"line":17,"column":29}},"12":{"start":{"line":18,"column":2},"end":{"line":18,"column":40}},"13":{"start":{"line":19,"column":2},"end":{"line":19,"column":27}},"14":{"start":{"line":20,"column":2},"end":{"line":20,"column":43}},"15":{"start":{"line":21,"column":2},"end":{"line":24,"column":3}},"16":{"start":{"line":22,"column":4},"end":{"line":22,"column":28}},"17":{"start":{"line":23,"column":4},"end":{"line":23,"column":42}},"18":{"start":{"line":25,"column":2},"end":{"line":25,"column":47}},"19":{"start":{"line":26,"column":2},"end":{"line":26,"column":31}},"20":{"start":{"line":27,"column":2},"end":{"line":27,"column":37}},"21":{"start":{"line":28,"column":2},"end":{"line":28,"column":41}},"22":{"start":{"line":31,"column":2},"end":{"line":31,"column":44}},"23":{"start":{"line":32,"column":2},"end":{"line":32,"column":54}},"24":{"start":{"line":33,"column":2},"end":{"line":33,"column":34}},"25":{"start":{"line":36,"column":2},"end":{"line":36,"column":12}}},"fnMap":{"0":{"name":"(anonymous_0)","decl":{"start":{"line":2,"column":13},"end":{"line":2,"column":14}},"loc":{"start":{"line":2,"column":27},"end":{"line":37,"column":1}},"line":2}},"branchMap":{"0":{"loc":{"start":{"line":21,"column":2},"end":{"line":24,"column":3}},"type":"if","locations":[{"start":{"line":21,"column":2},"end":{"line":24,"column":3}},{"start":{},"end":{}}],"line":21}},"s":{"0":4,"1":0,"2":0,"3":0,"4":0,"5":0,"6":0,"7":0,"8":0,"9":0,"10":0,"11":0,"12":0,"13":0,"14":0,"15":0,"16":0,"17":0,"18":0,"19":0,"20":0,"21":0,"22":0,"23":0,"24":0,"25":0},"f":{"0":0},"b":{"0":[0,0]},"_coverageSchema":"1a1c01bbd47fc00a2c39e90264f33305004495a9","hash":"90d89b225293c06ecb726aa462597256d56a868c"}
}
